<?xml version="1.0" encoding="UTF-8"?>
<testsuite name="com.rui.udemy.vertx_starter.TestMainVerticle" tests="1" skipped="0" failures="0" errors="0" timestamp="2021-11-03T22:47:29" hostname="LAPTOP-B60H1CKO" time="0.641">
  <properties/>
  <testcase name="verticle_deployed(Vertx, VertxTestContext)" classname="com.rui.udemy.vertx_starter.TestMainVerticle" time="0.641"/>
  <system-out><![CDATA[HTTP server started on port 8888
]]></system-out>
  <system-err><![CDATA[]]></system-err>
</testsuite>
